{
  "RSpec": {
    "coverage": {
      "/Users/marcinadamczyk/Work/hn_search_notebook_backend/spec/support/factory_bot.rb": [
        null,
        null,
        1,
        null,
        1,
        1,
        null
      ],
      "/Users/marcinadamczyk/Work/hn_search_notebook_backend/spec/support/controller_support.rb": [
        null,
        null,
        1,
        1,
        10,
        null,
        null
      ],
      "/Users/marcinadamczyk/Work/hn_search_notebook_backend/app/controllers/search_notebooks_controller.rb": [
        null,
        null,
        1,
        1,
        4,
        null,
        4,
        null,
        null,
        1,
        4,
        null,
        3,
        null,
        null,
        null,
        1,
        6,
        null,
        5,
        3,
        null,
        2,
        null,
        null,
        null,
        1,
        3,
        null,
        2,
        null,
        2,
        null,
        null,
        1,
        null,
        1,
        null,
        1,
        6,
        null,
        null
      ],
      "/Users/marcinadamczyk/Work/hn_search_notebook_backend/app/controllers/application_controller.rb": [
        null,
        null,
        1,
        1,
        1,
        null,
        1,
        3,
        null,
        null,
        1,
        2,
        null,
        null
      ],
      "/Users/marcinadamczyk/Work/hn_search_notebook_backend/spec/controllers/search_results_controller_spec.rb": [
        null,
        null,
        1,
        null,
        1,
        10,
        null,
        1,
        1,
        1,
        1,
        null,
        null,
        1,
        null,
        null,
        null,
        1,
        1,
        1,
        1,
        null,
        null,
        null,
        1,
        null,
        null,
        1,
        1,
        null,
        null,
        null,
        1,
        null,
        null,
        1,
        1,
        null,
        null,
        null,
        1,
        1,
        null,
        null,
        null,
        1,
        1,
        4,
        null,
        null,
        null,
        null,
        null,
        null,
        null,
        null,
        null,
        1,
        1,
        null,
        null,
        null,
        1,
        null,
        null,
        1,
        null,
        1,
        null,
        null,
        null,
        1,
        null,
        null,
        null,
        null,
        1,
        null,
        1,
        null,
        null,
        null,
        null,
        1,
        null,
        null,
        1,
        1,
        null,
        null,
        null,
        1,
        null,
        null,
        null,
        null,
        1,
        1,
        1,
        1,
        1,
        null,
        null,
        null,
        1,
        3,
        3,
        null,
        1,
        1,
        1,
        null,
        null,
        1,
        null,
        1,
        null,
        null,
        null,
        null,
        1,
        null,
        null,
        null,
        null,
        null,
        null
      ],
      "/Users/marcinadamczyk/Work/hn_search_notebook_backend/app/controllers/search_results_controller.rb": [
        null,
        null,
        1,
        1,
        1,
        null,
        1,
        null,
        null,
        1,
        7,
        7,
        null,
        6,
        4,
        null,
        2,
        null,
        null,
        null,
        1,
        3,
        2,
        null,
        2,
        null,
        null,
        1,
        null,
        1,
        1,
        null,
        null,
        1,
        7,
        null,
        null
      ],
      "/Users/marcinadamczyk/Work/hn_search_notebook_backend/spec/models/search_result_spec.rb": [
        null,
        null,
        1,
        null,
        1,
        1,
        4,
        4,
        2,
        null,
        1,
        1,
        null,
        null,
        1,
        1,
        1,
        null,
        null,
        1,
        1,
        1,
        1,
        1,
        null,
        null,
        null
      ],
      "/Users/marcinadamczyk/Work/hn_search_notebook_backend/app/models/search_result.rb": [
        null,
        null,
        1,
        1,
        null,
        1,
        1,
        null,
        1,
        1,
        null,
        1,
        null,
        42,
        null,
        1,
        null,
        1,
        40,
        40,
        38,
        38,
        38,
        null,
        2,
        null,
        40,
        null,
        null
      ],
      "/Users/marcinadamczyk/Work/hn_search_notebook_backend/app/models/application_record.rb": [
        null,
        null,
        1,
        1,
        null
      ],
      "/Users/marcinadamczyk/Work/hn_search_notebook_backend/spec/mutations/search_results/create_spec.rb": [
        null,
        null,
        1,
        null,
        1,
        6,
        null,
        6,
        1,
        5,
        null,
        null,
        null,
        null,
        null,
        null,
        1,
        5,
        null,
        null,
        null,
        null,
        1,
        null,
        null,
        5,
        null,
        null,
        1,
        1,
        2,
        null,
        null,
        1,
        1,
        1,
        null,
        null,
        null,
        null,
        1,
        1,
        1,
        null,
        null,
        null,
        1,
        1,
        2,
        null,
        null,
        1,
        1,
        1,
        null,
        null,
        null,
        null,
        null
      ],
      "/Users/marcinadamczyk/Work/hn_search_notebook_backend/app/mutations/search_results/create.rb": [
        null,
        null,
        1,
        1,
        1,
        1,
        null,
        1,
        1,
        1,
        1,
        1,
        1,
        null,
        null,
        1,
        9,
        9,
        9,
        null,
        9,
        null,
        null,
        1,
        null,
        1,
        9,
        null,
        null,
        null,
        null,
        null,
        null,
        null,
        1,
        9,
        null,
        null,
        null,
        null,
        null,
        null
      ],
      "/Users/marcinadamczyk/Work/hn_search_notebook_backend/spec/mutations/search_results/destroy_spec.rb": [
        null,
        null,
        1,
        null,
        1,
        3,
        null,
        3,
        1,
        3,
        null,
        1,
        2,
        null,
        null,
        1,
        2,
        null,
        null
      ],
      "/Users/marcinadamczyk/Work/hn_search_notebook_backend/app/mutations/search_results/destroy.rb": [
        null,
        null,
        1,
        1,
        1,
        1,
        null,
        null,
        1,
        4,
        4,
        4,
        null,
        4,
        null,
        null,
        null
      ],
      "/Users/marcinadamczyk/Work/hn_search_notebook_backend/spec/mutations/tags/collection_update_spec.rb": [
        null,
        null,
        1,
        null,
        1,
        8,
        null,
        1,
        3,
        3,
        3,
        null,
        null,
        null,
        1,
        3,
        3,
        1,
        1,
        2,
        null,
        null,
        null,
        null,
        null,
        1,
        null,
        1,
        1,
        1,
        null,
        null,
        null,
        1,
        3,
        3,
        1,
        1,
        2,
        null,
        null,
        null,
        null,
        null,
        1,
        null,
        1,
        1,
        1,
        null,
        null,
        null,
        1,
        4,
        4,
        1,
        1,
        3,
        null,
        null,
        null,
        null,
        1,
        3,
        null,
        null,
        1,
        null,
        1,
        1,
        1,
        null,
        null,
        1,
        1,
        1,
        null,
        null,
        null
      ],
      "/Users/marcinadamczyk/Work/hn_search_notebook_backend/app/mutations/tags/collection_update.rb": [
        null,
        null,
        1,
        1,
        1,
        null,
        1,
        1,
        1,
        null,
        null,
        1,
        45,
        45,
        45,
        null,
        45,
        null,
        null,
        1,
        null,
        1,
        45,
        null,
        null,
        1,
        null,
        130,
        null,
        null,
        1,
        45,
        45,
        45,
        45,
        null,
        45,
        null,
        null,
        null
      ],
      "/Users/marcinadamczyk/Work/hn_search_notebook_backend/spec/services/search_notebooks/statistics_calculator_spec.rb": [
        null,
        null,
        1,
        null,
        1,
        3,
        null,
        3,
        2,
        null,
        1,
        1,
        1,
        null,
        null,
        null,
        1,
        2,
        2,
        1,
        1,
        null,
        1,
        1,
        null,
        1,
        1,
        null,
        1,
        1,
        5,
        null,
        null,
        null,
        null,
        null,
        null,
        null,
        1,
        1,
        null,
        null,
        null,
        null,
        null,
        null,
        null,
        null,
        null,
        null,
        null
      ],
      "/Users/marcinadamczyk/Work/hn_search_notebook_backend/app/services/search_notebooks/statistics_calculator.rb": [
        null,
        null,
        1,
        1,
        1,
        2,
        null,
        null,
        1,
        2,
        1,
        null,
        null,
        null,
        null,
        null,
        null,
        null,
        1,
        null,
        1,
        2,
        null,
        null,
        null,
        null,
        null,
        null,
        1,
        2,
        null,
        null,
        1,
        5,
        null,
        null,
        1,
        2,
        2,
        2,
        null,
        null,
        null
      ],
      "/Users/marcinadamczyk/Work/hn_search_notebook_backend/app/models/search_notebook.rb": [
        null,
        null,
        1,
        1,
        null,
        1,
        null
      ],
      "/Users/marcinadamczyk/Work/hn_search_notebook_backend/app/serializable/serializable_simple_search_notebook.rb": [
        null,
        null,
        1,
        1,
        1,
        null
      ],
      "/Users/marcinadamczyk/Work/hn_search_notebook_backend/app/models/search_query.rb": [
        null,
        null,
        1,
        1,
        null,
        1,
        null
      ],
      "/Users/marcinadamczyk/Work/hn_search_notebook_backend/app/models/tagging.rb": [
        null,
        null,
        1,
        1,
        1,
        null
      ],
      "/Users/marcinadamczyk/Work/hn_search_notebook_backend/app/models/tag.rb": [
        null,
        null,
        1,
        1,
        1,
        null
      ],
      "/Users/marcinadamczyk/Work/hn_search_notebook_backend/app/serializable/serializable_search_notebook.rb": [
        null,
        null,
        1,
        1,
        null
      ],
      "/Users/marcinadamczyk/Work/hn_search_notebook_backend/app/serializable/serializable_search_result.rb": [
        null,
        null,
        1,
        1,
        1,
        1,
        6,
        null,
        null
      ],
      "/Users/marcinadamczyk/Work/hn_search_notebook_backend/lib/hn/interface.rb": [
        null,
        null,
        1,
        1,
        1,
        null,
        null,
        null,
        null,
        null,
        null,
        null,
        null,
        null,
        null,
        1,
        1,
        null,
        null,
        1,
        null,
        1,
        1,
        null,
        null,
        null,
        null
      ],
      "/Users/marcinadamczyk/Work/hn_search_notebook_backend/lib/hn/client.rb": [
        null,
        null,
        1,
        1,
        1,
        1,
        null,
        1,
        1,
        1,
        null,
        1,
        null,
        null,
        1,
        1,
        null,
        1,
        null,
        null,
        1,
        null,
        1,
        1,
        null,
        null,
        1,
        1,
        1,
        1,
        null,
        null,
        null
      ],
      "/Users/marcinadamczyk/Work/hn_search_notebook_backend/lib/hn/results.rb": [
        null,
        null,
        1,
        1,
        1,
        null,
        1,
        1,
        null,
        null,
        1,
        1,
        null,
        null,
        1,
        1,
        null,
        null,
        null
      ]
    },
    "timestamp": 1533858169
  }
}
